[+] Containers:
 |- [+] Container: /Game/Maps/SlashOpenWorld
 |   |- [+] ActorDescs:
 |   |   |- Guid:0C2877FE45CD62A4A3F9B08996D75E9A BaseClass: NativeClass:/Script/Landscape.LandscapeStreamingProxy Name:LandscapeStreamingProxy_7ZU85A7PQ7Z90JHURUQ544ISN_126_2_2_0 Label:LandscapeStreamingProxy_2_2_0 SpatiallyLoaded:1 Bounds:IsValid=true, Min=(X=0.000 Y=0.000 Z=-89.844), Max=(X=12600.000 Y=12600.000 Z=2323.438) RuntimeGrid:None EditorOnly:0 RuntimeOnly:0 HLODRelevant:1 ListedInSceneOutliner:1 IsMainWorldOnly:0
 |   |   |- Guid:1817FE5B4AD69F3CACD021B1F1E561F9 BaseClass: NativeClass:/Script/Landscape.LandscapeStreamingProxy Name:LandscapeStreamingProxy_7ZU85A7PQ7Z90JHURUQ544ISN_126_0_2_0 Label:LandscapeStreamingProxy_0_2_0 SpatiallyLoaded:1 Bounds:IsValid=true, Min=(X=-25200.000 Y=0.000 Z=88.281), Max=(X=-12600.000 Y=12600.000 Z=2221.875) RuntimeGrid:None EditorOnly:0 RuntimeOnly:0 HLODRelevant:1 ListedInSceneOutliner:1 IsMainWorldOnly:0
 |   |   |- Guid:277B54BD4D24F517A3EE0EB10C412902 BaseClass: NativeClass:/Script/Landscape.LandscapeStreamingProxy Name:LandscapeStreamingProxy_7ZU85A7PQ7Z90JHURUQ544ISN_126_0_1_0 Label:LandscapeStreamingProxy_0_1_0 SpatiallyLoaded:1 Bounds:IsValid=true, Min=(X=-25200.000 Y=-12600.000 Z=92.188), Max=(X=-12600.000 Y=0.000 Z=2210.156) RuntimeGrid:None EditorOnly:0 RuntimeOnly:0 HLODRelevant:1 ListedInSceneOutliner:1 IsMainWorldOnly:0
 |   |   |- Guid:305C95A24413967A1881A5A7069E7202 BaseClass: NativeClass:/Script/Engine.DirectionalLight Name:DirectionalLight_UAID_047C16055E6583B002_2030115410 Label:Sun1 SpatiallyLoaded:0 Bounds:Invalid RuntimeGrid:None EditorOnly:0 RuntimeOnly:0 HLODRelevant:0 ListedInSceneOutliner:1 IsMainWorldOnly:0 FolderPath:Sky FolderGuid:F56550434E6E19598DE63AABF127B60D
 |   |   |- Guid:3FD831FC42B32BF31A1E4CB3C4C03E01 BaseClass: NativeClass:/Script/Engine.SkyLight Name:SkyLight_UAID_047C16055E6584B002_1374959587 Label:SkyLight SpatiallyLoaded:0 Bounds:IsValid=true, Min=(X=0.000 Y=0.000 Z=0.000), Max=(X=0.000 Y=0.000 Z=0.000) RuntimeGrid:None EditorOnly:0 RuntimeOnly:0 HLODRelevant:0 ListedInSceneOutliner:1 IsMainWorldOnly:0 FolderPath:Sky FolderGuid:F56550434E6E19598DE63AABF127B60D
 |   |   |- Guid:42BE04F54F35C7F89FB974AAA3DCF0F4 BaseClass: NativeClass:/Script/Landscape.LandscapeStreamingProxy Name:LandscapeStreamingProxy_7ZU85A7PQ7Z90JHURUQ544ISN_126_2_0_0 Label:LandscapeStreamingProxy_2_0_0 SpatiallyLoaded:1 Bounds:IsValid=true, Min=(X=0.000 Y=-25200.000 Z=1.562), Max=(X=12600.000 Y=-12600.000 Z=4360.156) RuntimeGrid:None EditorOnly:0 RuntimeOnly:0 HLODRelevant:1 ListedInSceneOutliner:1 IsMainWorldOnly:0
 |   |   |- Guid:47B8372A4FB9A234FBBCFC86F0802C36 BaseClass: NativeClass:/Script/Landscape.LandscapeStreamingProxy Name:LandscapeStreamingProxy_7ZU85A7PQ7Z90JHURUQ544ISN_126_3_2_0 Label:LandscapeStreamingProxy_3_2_0 SpatiallyLoaded:1 Bounds:IsValid=true, Min=(X=12600.000 Y=0.000 Z=-177.344), Max=(X=25200.000 Y=12600.000 Z=3918.750) RuntimeGrid:None EditorOnly:0 RuntimeOnly:0 HLODRelevant:1 ListedInSceneOutliner:1 IsMainWorldOnly:0
 |   |   |- Guid:4CE19F6B42B17B66F0A36D8569B3AFEC BaseClass: NativeClass:/Script/Landscape.LandscapeStreamingProxy Name:LandscapeStreamingProxy_7ZU85A7PQ7Z90JHURUQ544ISN_126_1_0_0 Label:LandscapeStreamingProxy_1_0_0 SpatiallyLoaded:1 Bounds:IsValid=true, Min=(X=-12600.000 Y=-25200.000 Z=85.156), Max=(X=0.000 Y=-12600.000 Z=3821.094) RuntimeGrid:None EditorOnly:0 RuntimeOnly:0 HLODRelevant:1 ListedInSceneOutliner:1 IsMainWorldOnly:0
 |   |   |- Guid:57A7D8C04A9217DEB3F746B72429484C BaseClass: NativeClass:/Script/Landscape.LandscapeStreamingProxy Name:LandscapeStreamingProxy_7ZU85A7PQ7Z90JHURUQ544ISN_126_2_3_0 Label:LandscapeStreamingProxy_2_3_0 SpatiallyLoaded:1 Bounds:IsValid=true, Min=(X=0.000 Y=12600.000 Z=-174.219), Max=(X=12600.000 Y=25200.000 Z=5492.969) RuntimeGrid:None EditorOnly:0 RuntimeOnly:0 HLODRelevant:1 ListedInSceneOutliner:1 IsMainWorldOnly:0
 |   |   |- Guid:5C0FB56A43C94787B2D11B834CA5080C BaseClass: NativeClass:/Script/Engine.VolumetricCloud Name:VolumetricCloud_UAID_047C16055E6584B002_1537449589 Label:VolumetricCloud SpatiallyLoaded:0 Bounds:IsValid=true, Min=(X=0.000 Y=0.000 Z=0.000), Max=(X=0.000 Y=0.000 Z=0.000) RuntimeGrid:None EditorOnly:0 RuntimeOnly:0 HLODRelevant:0 ListedInSceneOutliner:1 IsMainWorldOnly:0 FolderPath:Sky FolderGuid:F56550434E6E19598DE63AABF127B60D
 |   |   |- Guid:6139AB40424C005BDAD29B9DB04189F8 BaseClass: NativeClass:/Script/Landscape.LandscapeStreamingProxy Name:LandscapeStreamingProxy_7ZU85A7PQ7Z90JHURUQ544ISN_126_1_3_0 Label:LandscapeStreamingProxy_1_3_0 SpatiallyLoaded:1 Bounds:IsValid=true, Min=(X=-12600.000 Y=12600.000 Z=89.062), Max=(X=0.000 Y=25200.000 Z=3420.312) RuntimeGrid:None EditorOnly:0 RuntimeOnly:0 HLODRelevant:1 ListedInSceneOutliner:1 IsMainWorldOnly:0
 |   |   |- Guid:709FBE364C805653BA12058DD6DEAC0A BaseClass: NativeClass:/Script/Landscape.LandscapeStreamingProxy Name:LandscapeStreamingProxy_7ZU85A7PQ7Z90JHURUQ544ISN_126_0_0_0 Label:LandscapeStreamingProxy_0_0_0 SpatiallyLoaded:1 Bounds:IsValid=true, Min=(X=-25200.000 Y=-25200.000 Z=73.438), Max=(X=-12600.000 Y=-12600.000 Z=4119.531) RuntimeGrid:None EditorOnly:0 RuntimeOnly:0 HLODRelevant:1 ListedInSceneOutliner:1 IsMainWorldOnly:0
 |   |   |- Guid:774DC9B046368F76DE7E2EAF4CC284CD BaseClass: NativeClass:/Script/Engine.StaticMeshActor Name:StaticMeshActor_UAID_047C16055E65D0B002_1130830961 Label:SM_Chair SpatiallyLoaded:1 Bounds:IsValid=true, Min=(X=-41.944 Y=-40.451 Z=101.229), Max=(X=40.212 Y=40.451 Z=216.580) RuntimeGrid:None EditorOnly:0 RuntimeOnly:0 HLODRelevant:1 ListedInSceneOutliner:1 IsMainWorldOnly:0
 |   |   |- Guid:82DEC3894ED453E416A30D89AC703BF3 BaseClass: NativeClass:/Script/Landscape.LandscapeStreamingProxy Name:LandscapeStreamingProxy_7ZU85A7PQ7Z90JHURUQ544ISN_126_1_1_0 Label:LandscapeStreamingProxy_1_1_0 SpatiallyLoaded:1 Bounds:IsValid=true, Min=(X=-12600.000 Y=-12600.000 Z=0.000), Max=(X=0.000 Y=0.000 Z=200.000) RuntimeGrid:None EditorOnly:0 RuntimeOnly:0 HLODRelevant:1 ListedInSceneOutliner:1 IsMainWorldOnly:0
 |   |   |- Guid:8B87E6F9422A50E302A0C9B2EE6F4C04 BaseClass: NativeClass:/Script/Landscape.Landscape Name:Landscape_UAID_047C16055E65CFB002_1987047783 Label:Landscape SpatiallyLoaded:0 Bounds:IsValid=true, Min=(X=-25200.000 Y=-25200.000 Z=100.000), Max=(X=-25200.000 Y=-25200.000 Z=100.000) RuntimeGrid:None EditorOnly:0 RuntimeOnly:0 HLODRelevant:0 ListedInSceneOutliner:1 IsMainWorldOnly:0
 |   |   |- Guid:92048DE342F287F1912EF7830381B25C BaseClass: NativeClass:/Script/Engine.ExponentialHeightFog Name:ExponentialHeightFog_UAID_047C16055E6584B002_1483950588 Label:ExponentialHeightFog SpatiallyLoaded:0 Bounds:IsValid=true, Min=(X=0.000 Y=0.000 Z=0.000), Max=(X=0.000 Y=0.000 Z=0.000) RuntimeGrid:None EditorOnly:0 RuntimeOnly:0 HLODRelevant:0 ListedInSceneOutliner:1 IsMainWorldOnly:0 FolderPath:Sky FolderGuid:F56550434E6E19598DE63AABF127B60D
 |   |   |- Guid:98AE3DE646078ED65F5F3D9A67A97F71 BaseClass: NativeClass:/Script/Landscape.LandscapeStreamingProxy Name:LandscapeStreamingProxy_7ZU85A7PQ7Z90JHURUQ544ISN_126_3_0_0 Label:LandscapeStreamingProxy_3_0_0 SpatiallyLoaded:1 Bounds:IsValid=true, Min=(X=12600.000 Y=-25200.000 Z=62.500), Max=(X=25200.000 Y=-12600.000 Z=12640.625) RuntimeGrid:None EditorOnly:0 RuntimeOnly:0 HLODRelevant:1 ListedInSceneOutliner:1 IsMainWorldOnly:0
 |   |   |- Guid:A240BC02440F1C6FDB1B0781613EDEFA BaseClass: NativeClass:/Script/Landscape.LandscapeStreamingProxy Name:LandscapeStreamingProxy_7ZU85A7PQ7Z90JHURUQ544ISN_126_0_3_0 Label:LandscapeStreamingProxy_0_3_0 SpatiallyLoaded:1 Bounds:IsValid=true, Min=(X=-25200.000 Y=12600.000 Z=89.844), Max=(X=-12600.000 Y=25200.000 Z=3322.656) RuntimeGrid:None EditorOnly:0 RuntimeOnly:0 HLODRelevant:1 ListedInSceneOutliner:1 IsMainWorldOnly:0
 |   |   |- Guid:AA7E3F0045BB979616A28BA067BC7172 BaseClass: NativeClass:/Script/Landscape.LandscapeStreamingProxy Name:LandscapeStreamingProxy_7ZU85A7PQ7Z90JHURUQ544ISN_126_2_1_0 Label:LandscapeStreamingProxy_2_1_0 SpatiallyLoaded:1 Bounds:IsValid=true, Min=(X=0.000 Y=-12600.000 Z=-93.750), Max=(X=12600.000 Y=0.000 Z=5237.500) RuntimeGrid:None EditorOnly:0 RuntimeOnly:0 HLODRelevant:1 ListedInSceneOutliner:1 IsMainWorldOnly:0
 |   |   |- Guid:C39B0A8846E760DF39378B8523A07A2C BaseClass: NativeClass:/Script/Engine.DirectionalLight Name:DirectionalLight_UAID_047C16055E6583B002_1998135409 Label:Sun0 SpatiallyLoaded:0 Bounds:Invalid RuntimeGrid:None EditorOnly:0 RuntimeOnly:0 HLODRelevant:0 ListedInSceneOutliner:1 IsMainWorldOnly:0 FolderPath:Sky FolderGuid:F56550434E6E19598DE63AABF127B60D
 |   |   |- Guid:C894625B446DDE5131041AAF8B0D8619 BaseClass: NativeClass:/Script/Landscape.LandscapeStreamingProxy Name:LandscapeStreamingProxy_7ZU85A7PQ7Z90JHURUQ544ISN_126_3_3_0 Label:LandscapeStreamingProxy_3_3_0 SpatiallyLoaded:1 Bounds:IsValid=true, Min=(X=12600.000 Y=12600.000 Z=53.125), Max=(X=25200.000 Y=25200.000 Z=6715.625) RuntimeGrid:None EditorOnly:0 RuntimeOnly:0 HLODRelevant:1 ListedInSceneOutliner:1 IsMainWorldOnly:0
 |   |   |- Guid:CEEB40A84ACDB2217813F4BAF2151EFB BaseClass: NativeClass:/Script/Landscape.LandscapeStreamingProxy Name:LandscapeStreamingProxy_7ZU85A7PQ7Z90JHURUQ544ISN_126_1_2_0 Label:LandscapeStreamingProxy_1_2_0 SpatiallyLoaded:1 Bounds:IsValid=true, Min=(X=-12600.000 Y=0.000 Z=0.000), Max=(X=0.000 Y=12600.000 Z=200.000) RuntimeGrid:None EditorOnly:0 RuntimeOnly:0 HLODRelevant:1 ListedInSceneOutliner:1 IsMainWorldOnly:0
 |   |   |- Guid:CF7D83DF4EC9E1E8CA52C89C17180CE6 BaseClass: NativeClass:/Script/Engine.SkyAtmosphere Name:SkyAtmosphere_UAID_047C16055E6583B002_1979966408 Label:SkyAtmosphere SpatiallyLoaded:0 Bounds:IsValid=true, Min=(X=0.000 Y=0.000 Z=0.000), Max=(X=0.000 Y=0.000 Z=0.000) RuntimeGrid:None EditorOnly:0 RuntimeOnly:0 HLODRelevant:0 ListedInSceneOutliner:1 IsMainWorldOnly:0 FolderPath:Sky FolderGuid:F56550434E6E19598DE63AABF127B60D
 |   |   |- Guid:E5EA4A864E54271592B587826AC7B6E0 BaseClass: NativeClass:/Script/Landscape.LandscapeStreamingProxy Name:LandscapeStreamingProxy_7ZU85A7PQ7Z90JHURUQ544ISN_126_3_1_0 Label:LandscapeStreamingProxy_3_1_0 SpatiallyLoaded:1 Bounds:IsValid=true, Min=(X=12600.000 Y=-12600.000 Z=-43.750), Max=(X=25200.000 Y=0.000 Z=6635.156) RuntimeGrid:None EditorOnly:0 RuntimeOnly:0 HLODRelevant:1 ListedInSceneOutliner:1 IsMainWorldOnly:0
 |   |   |- Guid:F7B27A624B43B33DFB1CA58AD1050C0A BaseClass: NativeClass:/Script/Engine.WorldDataLayers Name:WorldDataLayers Label:WorldDataLayers SpatiallyLoaded:0 Bounds:Invalid RuntimeGrid:None EditorOnly:0 RuntimeOnly:0 HLODRelevant:0 ListedInSceneOutliner:1 IsMainWorldOnly:1
 |   |- [+] Clusters:
 |   |   |- [+] [  0]
 |   |   |   |- Guid:0C2877FE45CD62A4A3F9B08996D75E9A BaseClass: NativeClass:/Script/Landscape.LandscapeStreamingProxy Name:LandscapeStreamingProxy_7ZU85A7PQ7Z90JHURUQ544ISN_126_2_2_0 Label:LandscapeStreamingProxy_2_2_0 SpatiallyLoaded:1 Bounds:IsValid=true, Min=(X=0.000 Y=0.000 Z=-89.844), Max=(X=12600.000 Y=12600.000 Z=2323.438) RuntimeGrid:None EditorOnly:0 RuntimeOnly:0 HLODRelevant:1 ListedInSceneOutliner:1 IsMainWorldOnly:0
 |   |   |- [+] [  1]
 |   |   |   |- Guid:1817FE5B4AD69F3CACD021B1F1E561F9 BaseClass: NativeClass:/Script/Landscape.LandscapeStreamingProxy Name:LandscapeStreamingProxy_7ZU85A7PQ7Z90JHURUQ544ISN_126_0_2_0 Label:LandscapeStreamingProxy_0_2_0 SpatiallyLoaded:1 Bounds:IsValid=true, Min=(X=-25200.000 Y=0.000 Z=88.281), Max=(X=-12600.000 Y=12600.000 Z=2221.875) RuntimeGrid:None EditorOnly:0 RuntimeOnly:0 HLODRelevant:1 ListedInSceneOutliner:1 IsMainWorldOnly:0
 |   |   |- [+] [  2]
 |   |   |   |- Guid:277B54BD4D24F517A3EE0EB10C412902 BaseClass: NativeClass:/Script/Landscape.LandscapeStreamingProxy Name:LandscapeStreamingProxy_7ZU85A7PQ7Z90JHURUQ544ISN_126_0_1_0 Label:LandscapeStreamingProxy_0_1_0 SpatiallyLoaded:1 Bounds:IsValid=true, Min=(X=-25200.000 Y=-12600.000 Z=92.188), Max=(X=-12600.000 Y=0.000 Z=2210.156) RuntimeGrid:None EditorOnly:0 RuntimeOnly:0 HLODRelevant:1 ListedInSceneOutliner:1 IsMainWorldOnly:0
 |   |   |- [+] [  3]
 |   |   |   |- Guid:305C95A24413967A1881A5A7069E7202 BaseClass: NativeClass:/Script/Engine.DirectionalLight Name:DirectionalLight_UAID_047C16055E6583B002_2030115410 Label:Sun1 SpatiallyLoaded:0 Bounds:Invalid RuntimeGrid:None EditorOnly:0 RuntimeOnly:0 HLODRelevant:0 ListedInSceneOutliner:1 IsMainWorldOnly:0 FolderPath:Sky FolderGuid:F56550434E6E19598DE63AABF127B60D
 |   |   |- [+] [  4]
 |   |   |   |- Guid:3FD831FC42B32BF31A1E4CB3C4C03E01 BaseClass: NativeClass:/Script/Engine.SkyLight Name:SkyLight_UAID_047C16055E6584B002_1374959587 Label:SkyLight SpatiallyLoaded:0 Bounds:IsValid=true, Min=(X=0.000 Y=0.000 Z=0.000), Max=(X=0.000 Y=0.000 Z=0.000) RuntimeGrid:None EditorOnly:0 RuntimeOnly:0 HLODRelevant:0 ListedInSceneOutliner:1 IsMainWorldOnly:0 FolderPath:Sky FolderGuid:F56550434E6E19598DE63AABF127B60D
 |   |   |- [+] [  5]
 |   |   |   |- Guid:42BE04F54F35C7F89FB974AAA3DCF0F4 BaseClass: NativeClass:/Script/Landscape.LandscapeStreamingProxy Name:LandscapeStreamingProxy_7ZU85A7PQ7Z90JHURUQ544ISN_126_2_0_0 Label:LandscapeStreamingProxy_2_0_0 SpatiallyLoaded:1 Bounds:IsValid=true, Min=(X=0.000 Y=-25200.000 Z=1.562), Max=(X=12600.000 Y=-12600.000 Z=4360.156) RuntimeGrid:None EditorOnly:0 RuntimeOnly:0 HLODRelevant:1 ListedInSceneOutliner:1 IsMainWorldOnly:0
 |   |   |- [+] [  6]
 |   |   |   |- Guid:47B8372A4FB9A234FBBCFC86F0802C36 BaseClass: NativeClass:/Script/Landscape.LandscapeStreamingProxy Name:LandscapeStreamingProxy_7ZU85A7PQ7Z90JHURUQ544ISN_126_3_2_0 Label:LandscapeStreamingProxy_3_2_0 SpatiallyLoaded:1 Bounds:IsValid=true, Min=(X=12600.000 Y=0.000 Z=-177.344), Max=(X=25200.000 Y=12600.000 Z=3918.750) RuntimeGrid:None EditorOnly:0 RuntimeOnly:0 HLODRelevant:1 ListedInSceneOutliner:1 IsMainWorldOnly:0
 |   |   |- [+] [  7]
 |   |   |   |- Guid:4CE19F6B42B17B66F0A36D8569B3AFEC BaseClass: NativeClass:/Script/Landscape.LandscapeStreamingProxy Name:LandscapeStreamingProxy_7ZU85A7PQ7Z90JHURUQ544ISN_126_1_0_0 Label:LandscapeStreamingProxy_1_0_0 SpatiallyLoaded:1 Bounds:IsValid=true, Min=(X=-12600.000 Y=-25200.000 Z=85.156), Max=(X=0.000 Y=-12600.000 Z=3821.094) RuntimeGrid:None EditorOnly:0 RuntimeOnly:0 HLODRelevant:1 ListedInSceneOutliner:1 IsMainWorldOnly:0
 |   |   |- [+] [  8]
 |   |   |   |- Guid:57A7D8C04A9217DEB3F746B72429484C BaseClass: NativeClass:/Script/Landscape.LandscapeStreamingProxy Name:LandscapeStreamingProxy_7ZU85A7PQ7Z90JHURUQ544ISN_126_2_3_0 Label:LandscapeStreamingProxy_2_3_0 SpatiallyLoaded:1 Bounds:IsValid=true, Min=(X=0.000 Y=12600.000 Z=-174.219), Max=(X=12600.000 Y=25200.000 Z=5492.969) RuntimeGrid:None EditorOnly:0 RuntimeOnly:0 HLODRelevant:1 ListedInSceneOutliner:1 IsMainWorldOnly:0
 |   |   |- [+] [  9]
 |   |   |   |- Guid:5C0FB56A43C94787B2D11B834CA5080C BaseClass: NativeClass:/Script/Engine.VolumetricCloud Name:VolumetricCloud_UAID_047C16055E6584B002_1537449589 Label:VolumetricCloud SpatiallyLoaded:0 Bounds:IsValid=true, Min=(X=0.000 Y=0.000 Z=0.000), Max=(X=0.000 Y=0.000 Z=0.000) RuntimeGrid:None EditorOnly:0 RuntimeOnly:0 HLODRelevant:0 ListedInSceneOutliner:1 IsMainWorldOnly:0 FolderPath:Sky FolderGuid:F56550434E6E19598DE63AABF127B60D
 |   |   |- [+] [ 10]
 |   |   |   |- Guid:6139AB40424C005BDAD29B9DB04189F8 BaseClass: NativeClass:/Script/Landscape.LandscapeStreamingProxy Name:LandscapeStreamingProxy_7ZU85A7PQ7Z90JHURUQ544ISN_126_1_3_0 Label:LandscapeStreamingProxy_1_3_0 SpatiallyLoaded:1 Bounds:IsValid=true, Min=(X=-12600.000 Y=12600.000 Z=89.062), Max=(X=0.000 Y=25200.000 Z=3420.312) RuntimeGrid:None EditorOnly:0 RuntimeOnly:0 HLODRelevant:1 ListedInSceneOutliner:1 IsMainWorldOnly:0
 |   |   |- [+] [ 11]
 |   |   |   |- Guid:709FBE364C805653BA12058DD6DEAC0A BaseClass: NativeClass:/Script/Landscape.LandscapeStreamingProxy Name:LandscapeStreamingProxy_7ZU85A7PQ7Z90JHURUQ544ISN_126_0_0_0 Label:LandscapeStreamingProxy_0_0_0 SpatiallyLoaded:1 Bounds:IsValid=true, Min=(X=-25200.000 Y=-25200.000 Z=73.438), Max=(X=-12600.000 Y=-12600.000 Z=4119.531) RuntimeGrid:None EditorOnly:0 RuntimeOnly:0 HLODRelevant:1 ListedInSceneOutliner:1 IsMainWorldOnly:0
 |   |   |- [+] [ 12]
 |   |   |   |- Guid:774DC9B046368F76DE7E2EAF4CC284CD BaseClass: NativeClass:/Script/Engine.StaticMeshActor Name:StaticMeshActor_UAID_047C16055E65D0B002_1130830961 Label:SM_Chair SpatiallyLoaded:1 Bounds:IsValid=true, Min=(X=-41.944 Y=-40.451 Z=101.229), Max=(X=40.212 Y=40.451 Z=216.580) RuntimeGrid:None EditorOnly:0 RuntimeOnly:0 HLODRelevant:1 ListedInSceneOutliner:1 IsMainWorldOnly:0
 |   |   |- [+] [ 13]
 |   |   |   |- Guid:82DEC3894ED453E416A30D89AC703BF3 BaseClass: NativeClass:/Script/Landscape.LandscapeStreamingProxy Name:LandscapeStreamingProxy_7ZU85A7PQ7Z90JHURUQ544ISN_126_1_1_0 Label:LandscapeStreamingProxy_1_1_0 SpatiallyLoaded:1 Bounds:IsValid=true, Min=(X=-12600.000 Y=-12600.000 Z=0.000), Max=(X=0.000 Y=0.000 Z=200.000) RuntimeGrid:None EditorOnly:0 RuntimeOnly:0 HLODRelevant:1 ListedInSceneOutliner:1 IsMainWorldOnly:0
 |   |   |- [+] [ 14]
 |   |   |   |- Guid:8B87E6F9422A50E302A0C9B2EE6F4C04 BaseClass: NativeClass:/Script/Landscape.Landscape Name:Landscape_UAID_047C16055E65CFB002_1987047783 Label:Landscape SpatiallyLoaded:0 Bounds:IsValid=true, Min=(X=-25200.000 Y=-25200.000 Z=100.000), Max=(X=-25200.000 Y=-25200.000 Z=100.000) RuntimeGrid:None EditorOnly:0 RuntimeOnly:0 HLODRelevant:0 ListedInSceneOutliner:1 IsMainWorldOnly:0
 |   |   |- [+] [ 15]
 |   |   |   |- Guid:92048DE342F287F1912EF7830381B25C BaseClass: NativeClass:/Script/Engine.ExponentialHeightFog Name:ExponentialHeightFog_UAID_047C16055E6584B002_1483950588 Label:ExponentialHeightFog SpatiallyLoaded:0 Bounds:IsValid=true, Min=(X=0.000 Y=0.000 Z=0.000), Max=(X=0.000 Y=0.000 Z=0.000) RuntimeGrid:None EditorOnly:0 RuntimeOnly:0 HLODRelevant:0 ListedInSceneOutliner:1 IsMainWorldOnly:0 FolderPath:Sky FolderGuid:F56550434E6E19598DE63AABF127B60D
 |   |   |- [+] [ 16]
 |   |   |   |- Guid:98AE3DE646078ED65F5F3D9A67A97F71 BaseClass: NativeClass:/Script/Landscape.LandscapeStreamingProxy Name:LandscapeStreamingProxy_7ZU85A7PQ7Z90JHURUQ544ISN_126_3_0_0 Label:LandscapeStreamingProxy_3_0_0 SpatiallyLoaded:1 Bounds:IsValid=true, Min=(X=12600.000 Y=-25200.000 Z=62.500), Max=(X=25200.000 Y=-12600.000 Z=12640.625) RuntimeGrid:None EditorOnly:0 RuntimeOnly:0 HLODRelevant:1 ListedInSceneOutliner:1 IsMainWorldOnly:0
 |   |   |- [+] [ 17]
 |   |   |   |- Guid:A240BC02440F1C6FDB1B0781613EDEFA BaseClass: NativeClass:/Script/Landscape.LandscapeStreamingProxy Name:LandscapeStreamingProxy_7ZU85A7PQ7Z90JHURUQ544ISN_126_0_3_0 Label:LandscapeStreamingProxy_0_3_0 SpatiallyLoaded:1 Bounds:IsValid=true, Min=(X=-25200.000 Y=12600.000 Z=89.844), Max=(X=-12600.000 Y=25200.000 Z=3322.656) RuntimeGrid:None EditorOnly:0 RuntimeOnly:0 HLODRelevant:1 ListedInSceneOutliner:1 IsMainWorldOnly:0
 |   |   |- [+] [ 18]
 |   |   |   |- Guid:AA7E3F0045BB979616A28BA067BC7172 BaseClass: NativeClass:/Script/Landscape.LandscapeStreamingProxy Name:LandscapeStreamingProxy_7ZU85A7PQ7Z90JHURUQ544ISN_126_2_1_0 Label:LandscapeStreamingProxy_2_1_0 SpatiallyLoaded:1 Bounds:IsValid=true, Min=(X=0.000 Y=-12600.000 Z=-93.750), Max=(X=12600.000 Y=0.000 Z=5237.500) RuntimeGrid:None EditorOnly:0 RuntimeOnly:0 HLODRelevant:1 ListedInSceneOutliner:1 IsMainWorldOnly:0
 |   |   |- [+] [ 19]
 |   |   |   |- Guid:C39B0A8846E760DF39378B8523A07A2C BaseClass: NativeClass:/Script/Engine.DirectionalLight Name:DirectionalLight_UAID_047C16055E6583B002_1998135409 Label:Sun0 SpatiallyLoaded:0 Bounds:Invalid RuntimeGrid:None EditorOnly:0 RuntimeOnly:0 HLODRelevant:0 ListedInSceneOutliner:1 IsMainWorldOnly:0 FolderPath:Sky FolderGuid:F56550434E6E19598DE63AABF127B60D
 |   |   |- [+] [ 20]
 |   |   |   |- Guid:C894625B446DDE5131041AAF8B0D8619 BaseClass: NativeClass:/Script/Landscape.LandscapeStreamingProxy Name:LandscapeStreamingProxy_7ZU85A7PQ7Z90JHURUQ544ISN_126_3_3_0 Label:LandscapeStreamingProxy_3_3_0 SpatiallyLoaded:1 Bounds:IsValid=true, Min=(X=12600.000 Y=12600.000 Z=53.125), Max=(X=25200.000 Y=25200.000 Z=6715.625) RuntimeGrid:None EditorOnly:0 RuntimeOnly:0 HLODRelevant:1 ListedInSceneOutliner:1 IsMainWorldOnly:0
 |   |   |- [+] [ 21]
 |   |   |   |- Guid:CEEB40A84ACDB2217813F4BAF2151EFB BaseClass: NativeClass:/Script/Landscape.LandscapeStreamingProxy Name:LandscapeStreamingProxy_7ZU85A7PQ7Z90JHURUQ544ISN_126_1_2_0 Label:LandscapeStreamingProxy_1_2_0 SpatiallyLoaded:1 Bounds:IsValid=true, Min=(X=-12600.000 Y=0.000 Z=0.000), Max=(X=0.000 Y=12600.000 Z=200.000) RuntimeGrid:None EditorOnly:0 RuntimeOnly:0 HLODRelevant:1 ListedInSceneOutliner:1 IsMainWorldOnly:0
 |   |   |- [+] [ 22]
 |   |   |   |- Guid:CF7D83DF4EC9E1E8CA52C89C17180CE6 BaseClass: NativeClass:/Script/Engine.SkyAtmosphere Name:SkyAtmosphere_UAID_047C16055E6583B002_1979966408 Label:SkyAtmosphere SpatiallyLoaded:0 Bounds:IsValid=true, Min=(X=0.000 Y=0.000 Z=0.000), Max=(X=0.000 Y=0.000 Z=0.000) RuntimeGrid:None EditorOnly:0 RuntimeOnly:0 HLODRelevant:0 ListedInSceneOutliner:1 IsMainWorldOnly:0 FolderPath:Sky FolderGuid:F56550434E6E19598DE63AABF127B60D
 |   |   |- [+] [ 23]
 |   |   |   |- Guid:E5EA4A864E54271592B587826AC7B6E0 BaseClass: NativeClass:/Script/Landscape.LandscapeStreamingProxy Name:LandscapeStreamingProxy_7ZU85A7PQ7Z90JHURUQ544ISN_126_3_1_0 Label:LandscapeStreamingProxy_3_1_0 SpatiallyLoaded:1 Bounds:IsValid=true, Min=(X=12600.000 Y=-12600.000 Z=-43.750), Max=(X=25200.000 Y=0.000 Z=6635.156) RuntimeGrid:None EditorOnly:0 RuntimeOnly:0 HLODRelevant:1 ListedInSceneOutliner:1 IsMainWorldOnly:0
 |   |   |- [+] [ 24]
 |   |   |   |- Guid:F7B27A624B43B33DFB1CA58AD1050C0A BaseClass: NativeClass:/Script/Engine.WorldDataLayers Name:WorldDataLayers Label:WorldDataLayers SpatiallyLoaded:0 Bounds:Invalid RuntimeGrid:None EditorOnly:0 RuntimeOnly:0 HLODRelevant:0 ListedInSceneOutliner:1 IsMainWorldOnly:1
 |- ContainerInstances:
 |- [+] MainContainer:
 |   |-        ID: 00000000000000000000000000000000
 |   |-  ParentID: 00000000000000000000000000000000
 |   |-    Bounds: IsValid=true, Min=(X=-25200.000 Y=-25200.000 Z=-177.344), Max=(X=25200.000 Y=25200.000 Z=12640.625)
 |   |- Transform: 0.000000,0.000000,0.000000|0.000000,0.000000,-0.000000|1.000000,1.000000,1.000000
 |   |- Container: /Game/Maps/SlashOpenWorld
----------------------------------------------------------------------------------------------------------------
SlashOpenWorld - Persistent Level
----------------------------------------------------------------------------------------------------------------
[+] Content of SlashOpenWorld Persistent Level
 |- Always loaded Actor Count: 8 
 |- Actor Path: /Game/Maps/SlashOpenWorld.SlashOpenWorld:PersistentLevel.DirectionalLight_UAID_047C16055E6583B002_1998135409
 |- Actor Package: /Game/__ExternalActors__/Maps/SlashOpenWorld/6/N9/DVEHSGC613PV8D3LW4IXR7
 |- Actor Path: /Game/Maps/SlashOpenWorld.SlashOpenWorld:PersistentLevel.DirectionalLight_UAID_047C16055E6583B002_2030115410
 |- Actor Package: /Game/__ExternalActors__/Maps/SlashOpenWorld/E/JM/S6J7Z5EYPCMA348FOIP4OB
 |- Actor Path: /Game/Maps/SlashOpenWorld.SlashOpenWorld:PersistentLevel.ExponentialHeightFog_UAID_047C16055E6584B002_1483950588
 |- Actor Package: /Game/__ExternalActors__/Maps/SlashOpenWorld/5/H2/4EL7XJNUE3AZCGLYW1EHG6
 |- Actor Path: /Game/Maps/SlashOpenWorld.SlashOpenWorld:PersistentLevel.Landscape_UAID_047C16055E65CFB002_1987047783
 |- Actor Package: /Game/__ExternalActors__/Maps/SlashOpenWorld/E/2Z/YKRAW42Z9YB34II0ILZ21A
 |- Actor Path: /Game/Maps/SlashOpenWorld.SlashOpenWorld:PersistentLevel.SkyAtmosphere_UAID_047C16055E6583B002_1979966408
 |- Actor Package: /Game/__ExternalActors__/Maps/SlashOpenWorld/A/G7/A7QP7LN6JZ8TWT5R3VXU5V
 |- Actor Path: /Game/Maps/SlashOpenWorld.SlashOpenWorld:PersistentLevel.SkyLight_UAID_047C16055E6584B002_1374959587
 |- Actor Package: /Game/__ExternalActors__/Maps/SlashOpenWorld/3/14/WDHDA57NZKL21D3D1IUT6Z
 |- Actor Path: /Game/Maps/SlashOpenWorld.SlashOpenWorld:PersistentLevel.VolumetricCloud_UAID_047C16055E6584B002_1537449589
 |- Actor Package: /Game/__ExternalActors__/Maps/SlashOpenWorld/A/AB/RSM7N8S8A8RN1Q48X12N7A
 |- Actor Path: /Game/Maps/SlashOpenWorld.SlashOpenWorld:PersistentLevel.WorldDataLayers
 |- Actor Package: /Game/__ExternalActors__/Maps/SlashOpenWorld/F/50/E32K80QIJKA33SEH12OVJX

----------------------------------------------------------------------------------------------------------------
SlashOpenWorld - Runtime Hash Set
----------------------------------------------------------------------------------------------------------------
[+] Content of Cell SlashOpenWorld_MainPartition_-1_-2_0_0 (1689P8Z70Y52SNC7IO5TASRZC)
 |- Actor Count: 1
 |- [+] /Game/Maps/SlashOpenWorld.SlashOpenWorld:PersistentLevel.LandscapeStreamingProxy_7ZU85A7PQ7Z90JHURUQ544ISN_126_1_0_0
 |   |-         Package: /Game/__ExternalActors__/Maps/SlashOpenWorld/C/NL/LKX49BJKTWCXBWV151DCAA
 |   |-     Editor Only: 0
 |   |-   Instance Guid: 4CE19F6B42B17B66F0A36D8569B3AFEC
 |   |- [+] Container:
 |   |   |-        ID: 00000000000000000000000000000000
 |   |   |- Transform: 0.000000,0.000000,0.000000|0.000000,0.000000,-0.000000|1.000000,1.000000,1.000000
[+] Content of Cell SlashOpenWorld_MainPartition_1_-1_0_0 (1N3QQK5COTBEHKHJZSVSWAN83)
 |- Actor Count: 1
 |- [+] /Game/Maps/SlashOpenWorld.SlashOpenWorld:PersistentLevel.LandscapeStreamingProxy_7ZU85A7PQ7Z90JHURUQ544ISN_126_3_1_0
 |   |-         Package: /Game/__ExternalActors__/Maps/SlashOpenWorld/6/BY/DRACK2GJ79UOOZA9N4FKB5
 |   |-     Editor Only: 0
 |   |-   Instance Guid: E5EA4A864E54271592B587826AC7B6E0
 |   |- [+] Container:
 |   |   |-        ID: 00000000000000000000000000000000
 |   |   |- Transform: 0.000000,0.000000,0.000000|0.000000,0.000000,-0.000000|1.000000,1.000000,1.000000
[+] Content of Cell SlashOpenWorld_MainPartition_-2_-2_0_0 (22MQD37720WBR722OB4GFY4QI)
 |- Actor Count: 1
 |- [+] /Game/Maps/SlashOpenWorld.SlashOpenWorld:PersistentLevel.LandscapeStreamingProxy_7ZU85A7PQ7Z90JHURUQ544ISN_126_0_0_0
 |   |-         Package: /Game/__ExternalActors__/Maps/SlashOpenWorld/7/DC/D5MZ9T2SJPHRA5UZ8VP60C
 |   |-     Editor Only: 0
 |   |-   Instance Guid: 709FBE364C805653BA12058DD6DEAC0A
 |   |- [+] Container:
 |   |   |-        ID: 00000000000000000000000000000000
 |   |   |- Transform: 0.000000,0.000000,0.000000|0.000000,0.000000,-0.000000|1.000000,1.000000,1.000000
[+] Content of Cell SlashOpenWorld_MainPartition_0_0_0_0 (26UZIZFHH5IXZ7W4YOQA12ITO)
 |- Actor Count: 1
 |- [+] /Game/Maps/SlashOpenWorld.SlashOpenWorld:PersistentLevel.LandscapeStreamingProxy_7ZU85A7PQ7Z90JHURUQ544ISN_126_2_2_0
 |   |-         Package: /Game/__ExternalActors__/Maps/SlashOpenWorld/0/0Q/I9UTT0EYA5USYG3SB6CYM7
 |   |-     Editor Only: 0
 |   |-   Instance Guid: 0C2877FE45CD62A4A3F9B08996D75E9A
 |   |- [+] Container:
 |   |   |-        ID: 00000000000000000000000000000000
 |   |   |- Transform: 0.000000,0.000000,0.000000|0.000000,0.000000,-0.000000|1.000000,1.000000,1.000000
[+] Content of Cell SlashOpenWorld_MainPartition_1_-2_0_0 (2YNNFBR01M9899LE8QHN9K5ZJ)
 |- Actor Count: 1
 |- [+] /Game/Maps/SlashOpenWorld.SlashOpenWorld:PersistentLevel.LandscapeStreamingProxy_7ZU85A7PQ7Z90JHURUQ544ISN_126_3_0_0
 |   |-         Package: /Game/__ExternalActors__/Maps/SlashOpenWorld/7/FF/ZSMTC5FFVSRQNLECKQQBM0
 |   |-     Editor Only: 0
 |   |-   Instance Guid: 98AE3DE646078ED65F5F3D9A67A97F71
 |   |- [+] Container:
 |   |   |-        ID: 00000000000000000000000000000000
 |   |   |- Transform: 0.000000,0.000000,0.000000|0.000000,0.000000,-0.000000|1.000000,1.000000,1.000000
[+] Content of Cell SlashOpenWorld_MainPartition_0_-2_0_0 (3DV9FIBMFHBAY2AZ9LY3L9L2A)
 |- Actor Count: 1
 |- [+] /Game/Maps/SlashOpenWorld.SlashOpenWorld:PersistentLevel.LandscapeStreamingProxy_7ZU85A7PQ7Z90JHURUQ544ISN_126_2_0_0
 |   |-         Package: /Game/__ExternalActors__/Maps/SlashOpenWorld/A/XS/EZA7MN4QLYNHTV9EFODC9Z
 |   |-     Editor Only: 0
 |   |-   Instance Guid: 42BE04F54F35C7F89FB974AAA3DCF0F4
 |   |- [+] Container:
 |   |   |-        ID: 00000000000000000000000000000000
 |   |   |- Transform: 0.000000,0.000000,0.000000|0.000000,0.000000,-0.000000|1.000000,1.000000,1.000000
[+] Content of Cell SlashOpenWorld_MainPartition_0_-1_0_0 (46HOL4MU5M59QACPJ6X1WKQS9)
 |- Actor Count: 1
 |- [+] /Game/Maps/SlashOpenWorld.SlashOpenWorld:PersistentLevel.LandscapeStreamingProxy_7ZU85A7PQ7Z90JHURUQ544ISN_126_2_1_0
 |   |-         Package: /Game/__ExternalActors__/Maps/SlashOpenWorld/5/1N/Z7TZLUC5TYMEAV0JMA91L4
 |   |-     Editor Only: 0
 |   |-   Instance Guid: AA7E3F0045BB979616A28BA067BC7172
 |   |- [+] Container:
 |   |   |-        ID: 00000000000000000000000000000000
 |   |   |- Transform: 0.000000,0.000000,0.000000|0.000000,0.000000,-0.000000|1.000000,1.000000,1.000000
[+] Content of Cell SlashOpenWorld_MainPartition_-2_1_0_0 (4FVBKJFI9P0BWB4GFKSZIAN6J)
 |- Actor Count: 1
 |- [+] /Game/Maps/SlashOpenWorld.SlashOpenWorld:PersistentLevel.LandscapeStreamingProxy_7ZU85A7PQ7Z90JHURUQ544ISN_126_0_3_0
 |   |-         Package: /Game/__ExternalActors__/Maps/SlashOpenWorld/5/81/3BE91V11HOOCAWV1POKPBC
 |   |-     Editor Only: 0
 |   |-   Instance Guid: A240BC02440F1C6FDB1B0781613EDEFA
 |   |- [+] Container:
 |   |   |-        ID: 00000000000000000000000000000000
 |   |   |- Transform: 0.000000,0.000000,0.000000|0.000000,0.000000,-0.000000|1.000000,1.000000,1.000000
[+] Content of Cell SlashOpenWorld_MainPartition_0_1_0_0 (55NRM6X9ZNOAEYEZ1EGFZ4M28)
 |- Actor Count: 1
 |- [+] /Game/Maps/SlashOpenWorld.SlashOpenWorld:PersistentLevel.LandscapeStreamingProxy_7ZU85A7PQ7Z90JHURUQ544ISN_126_2_3_0
 |   |-         Package: /Game/__ExternalActors__/Maps/SlashOpenWorld/1/XO/8RL478YC8JQZYGMSL2VKPC
 |   |-     Editor Only: 0
 |   |-   Instance Guid: 57A7D8C04A9217DEB3F746B72429484C
 |   |- [+] Container:
 |   |   |-        ID: 00000000000000000000000000000000
 |   |   |- Transform: 0.000000,0.000000,0.000000|0.000000,0.000000,-0.000000|1.000000,1.000000,1.000000
[+] Content of Cell SlashOpenWorld_MainPartition_-2_0_0_0 (733BOPRVG9E4UTOBFFFVYYMF7)
 |- Actor Count: 1
 |- [+] /Game/Maps/SlashOpenWorld.SlashOpenWorld:PersistentLevel.LandscapeStreamingProxy_7ZU85A7PQ7Z90JHURUQ544ISN_126_0_2_0
 |   |-         Package: /Game/__ExternalActors__/Maps/SlashOpenWorld/7/SA/ONVHDGY5XA7VNDPUYQZJ0T
 |   |-     Editor Only: 0
 |   |-   Instance Guid: 1817FE5B4AD69F3CACD021B1F1E561F9
 |   |- [+] Container:
 |   |   |-        ID: 00000000000000000000000000000000
 |   |   |- Transform: 0.000000,0.000000,0.000000|0.000000,0.000000,-0.000000|1.000000,1.000000,1.000000
[+] Content of Cell SlashOpenWorld_MainPartition_-1_0_0_0 (7FYDACDGL8KQBR4NR5CF42RS2)
 |- Actor Count: 1
 |- [+] /Game/Maps/SlashOpenWorld.SlashOpenWorld:PersistentLevel.LandscapeStreamingProxy_7ZU85A7PQ7Z90JHURUQ544ISN_126_1_2_0
 |   |-         Package: /Game/__ExternalActors__/Maps/SlashOpenWorld/6/J0/EZMP445OGDQ9DG02APFDKT
 |   |-     Editor Only: 0
 |   |-   Instance Guid: CEEB40A84ACDB2217813F4BAF2151EFB
 |   |- [+] Container:
 |   |   |-        ID: 00000000000000000000000000000000
 |   |   |- Transform: 0.000000,0.000000,0.000000|0.000000,0.000000,-0.000000|1.000000,1.000000,1.000000
[+] Content of Cell SlashOpenWorld_MainPartition_-2_-1_0_0 (8IVAPMO5CQ8DGT1DR8C96R0JD)
 |- Actor Count: 1
 |- [+] /Game/Maps/SlashOpenWorld.SlashOpenWorld:PersistentLevel.LandscapeStreamingProxy_7ZU85A7PQ7Z90JHURUQ544ISN_126_0_1_0
 |   |-         Package: /Game/__ExternalActors__/Maps/SlashOpenWorld/9/37/2XIY9A1IDH8EE06XSI8GJZ
 |   |-     Editor Only: 0
 |   |-   Instance Guid: 277B54BD4D24F517A3EE0EB10C412902
 |   |- [+] Container:
 |   |   |-        ID: 00000000000000000000000000000000
 |   |   |- Transform: 0.000000,0.000000,0.000000|0.000000,0.000000,-0.000000|1.000000,1.000000,1.000000
[+] Content of Cell SlashOpenWorld_MainPartition_1_0_0_0 (A5WST4TT6L7778YHPNPTKKDVO)
 |- Actor Count: 1
 |- [+] /Game/Maps/SlashOpenWorld.SlashOpenWorld:PersistentLevel.LandscapeStreamingProxy_7ZU85A7PQ7Z90JHURUQ544ISN_126_3_2_0
 |   |-         Package: /Game/__ExternalActors__/Maps/SlashOpenWorld/D/6H/B5XBC4OED4GZSINBWI3BYI
 |   |-     Editor Only: 0
 |   |-   Instance Guid: 47B8372A4FB9A234FBBCFC86F0802C36
 |   |- [+] Container:
 |   |   |-        ID: 00000000000000000000000000000000
 |   |   |- Transform: 0.000000,0.000000,0.000000|0.000000,0.000000,-0.000000|1.000000,1.000000,1.000000
[+] Content of Cell SlashOpenWorld_MainPartition_-1_-1_0_0 (DZF6UULPJLNFUDOGYMPOWBYNU)
 |- Actor Count: 2
 |- [+] /Game/Maps/SlashOpenWorld.SlashOpenWorld:PersistentLevel.StaticMeshActor_UAID_047C16055E65D0B002_1130830961
 |   |-         Package: /Game/__ExternalActors__/Maps/SlashOpenWorld/9/GE/CRDYR8EIYKO4UPU5T5RG4F
 |   |-     Editor Only: 0
 |   |-   Instance Guid: 774DC9B046368F76DE7E2EAF4CC284CD
 |   |- [+] Container:
 |   |   |-        ID: 00000000000000000000000000000000
 |   |   |- Transform: 0.000000,0.000000,0.000000|0.000000,0.000000,-0.000000|1.000000,1.000000,1.000000
 |- [+] /Game/Maps/SlashOpenWorld.SlashOpenWorld:PersistentLevel.LandscapeStreamingProxy_7ZU85A7PQ7Z90JHURUQ544ISN_126_1_1_0
 |   |-         Package: /Game/__ExternalActors__/Maps/SlashOpenWorld/B/S8/L65SL3XK4SGBY72BSZA5YL
 |   |-     Editor Only: 0
 |   |-   Instance Guid: 82DEC3894ED453E416A30D89AC703BF3
 |   |- [+] Container:
 |   |   |-        ID: 00000000000000000000000000000000
 |   |   |- Transform: 0.000000,0.000000,0.000000|0.000000,0.000000,-0.000000|1.000000,1.000000,1.000000
[+] Content of Cell SlashOpenWorld_MainPartition_1_1_0_0 (E8RL1I5JN1CQEDSAVYUZ20ROV)
 |- Actor Count: 1
 |- [+] /Game/Maps/SlashOpenWorld.SlashOpenWorld:PersistentLevel.LandscapeStreamingProxy_7ZU85A7PQ7Z90JHURUQ544ISN_126_3_3_0
 |   |-         Package: /Game/__ExternalActors__/Maps/SlashOpenWorld/A/0M/TUOO9WBZSFF79KE57V889F
 |   |-     Editor Only: 0
 |   |-   Instance Guid: C894625B446DDE5131041AAF8B0D8619
 |   |- [+] Container:
 |   |   |-        ID: 00000000000000000000000000000000
 |   |   |- Transform: 0.000000,0.000000,0.000000|0.000000,0.000000,-0.000000|1.000000,1.000000,1.000000
[+] Content of Cell SlashOpenWorld_MainPartition_-1_1_0_0 (EE0CEN7R26WTZHIZ2MYR62F42)
 |- Actor Count: 1
 |- [+] /Game/Maps/SlashOpenWorld.SlashOpenWorld:PersistentLevel.LandscapeStreamingProxy_7ZU85A7PQ7Z90JHURUQ544ISN_126_1_3_0
 |   |-         Package: /Game/__ExternalActors__/Maps/SlashOpenWorld/B/5A/VK1T4UNMCR7K4IAD80F57O
 |   |-     Editor Only: 0
 |   |-   Instance Guid: 6139AB40424C005BDAD29B9DB04189F8
 |   |- [+] Container:
 |   |   |-        ID: 00000000000000000000000000000000
 |   |   |- Transform: 0.000000,0.000000,0.000000|0.000000,0.000000,-0.000000|1.000000,1.000000,1.000000

